Arguments: 
  /home/ugoabuchi/.nvm/versions/node/v16.14.0/bin/node /home/ugoabuchi/.nvm/versions/node/v16.14.0/bin/yarn install

PATH: 
  /home/ugoabuchi/.nvm/versions/node/v16.14.0/bin:/home/ugoabuchi/.vscode-server/bin/c722ca6c7eed3d7987c0d5c3df5c45f6b15e77d1/bin/remote-cli:/home/ugoabuchi/.nvm/versions/node/v16.14.0/bin:/usr/local/sbin:/usr/local/bin:/usr/sbin:/usr/bin:/sbin:/bin:/usr/games:/usr/local/games:/mnt/c/Windows/system32:/mnt/c/Windows:/mnt/c/Windows/System32/Wbem:/mnt/c/Windows/System32/WindowsPowerShell/v1.0/:/mnt/c/Windows/System32/OpenSSH/:/mnt/c/Program Files/Java/jdk1.8.0_281/bin:/mnt/c/Program Files/Git/cmd:/mnt/c/xampp/php:/mnt/c/ProgramData/ComposerSetup/bin:/mnt/c/Program Files/nodejs/:/mnt/c/Users/Administrator/AppData/Local/Android/Sdk/platform-tools:/mnt/c/cygwin64/bin:/mnt/c/Program Files/PuTTY/:/mnt/c/Program Files/Intel/WiFi/bin/:/mnt/c/Program Files/Common Files/Intel/WirelessCommon/:/mnt/c/Users/Administrator/AppData/Local/Android/Sdk/emulator:/mnt/c/Users/Administrator/.local/bin:/mnt/c/Users/Administrator/AppData/Local/Microsoft/WindowsApps:/mnt/c/Program Files/Microsoft VS Code/bin:/mnt/c/Users/Administrator/AppData/Roaming/Composer/vendor/bin:/mnt/c/Users/Administrator/AppData/Roaming/npm:/snap/bin:/usr/lib/jvm/java-8-openjdk-amd64/bin:/tools:/platform-toolsPATH=/home/ugoabuchi/.nvm/versions/node/v16.14.0/bin:/usr/local/sbin:/usr/local/bin:/usr/sbin:/usr/bin:/sbin:/bin:/usr/games:/usr/local/games:/mnt/c/Windows/system32:/mnt/c/Windows:/mnt/c/Windows/System32/Wbem:/mnt/c/Windows/System32/WindowsPowerShell/v1.0/:/mnt/c/Windows/System32/OpenSSH/:/mnt/c/Program Files/Java/jdk1.8.0_281/bin:/mnt/c/Program Files/Git/cmd:/mnt/c/xampp/php:/mnt/c/ProgramData/ComposerSetup/bin:/mnt/c/Program Files/nodejs/:/mnt/c/Users/Administrator/AppData/Local/Android/Sdk/platform-tools:/mnt/c/cygwin64/bin:/mnt/c/Program Files/PuTTY/:/mnt/c/Program Files/Intel/WiFi/bin/:/mnt/c/Program Files/Common Files/Intel/WirelessCommon/:/mnt/c/Users/Administrator/AppData/Local/Android/Sdk/emulator:/mnt/c/Users/Administrator/.local/bin:/mnt/c/Users/Administrator/AppData/Local/Microsoft/WindowsApps:/mnt/c/Program Files/Microsoft VS Code/bin:/mnt/c/Users/Administrator/AppData/Roaming/Composer/vendor/bin:/mnt/c/Users/Administrator/AppData/Roaming/npm:/snap/bin:/usr/lib/jvm/java-8-openjdk-amd64/bin:/tools:/cmdline-tools/tools/bin:/usr/lib/jvm/java-8-openjdk-amd64/bin:/tools:/platform-toolsPATH=/home/ugoabuchi/.nvm/versions/node/v16.14.0/bin:/home/ugoabuchi/.vscode-server/bin/c722ca6c7eed3d7987c0d5c3df5c45f6b15e77d1/bin/remote-cli:/home/ugoabuchi/.nvm/versions/node/v16.14.0/bin:/usr/local/sbin:/usr/local/bin:/usr/sbin:/usr/bin:/sbin:/bin:/usr/games:/usr/local/games:/mnt/c/Windows/system32:/mnt/c/Windows:/mnt/c/Windows/System32/Wbem:/mnt/c/Windows/System32/WindowsPowerShell/v1.0/:/mnt/c/Windows/System32/OpenSSH/:/mnt/c/Program Files/Java/jdk1.8.0_281/bin:/mnt/c/Program Files/Git/cmd:/mnt/c/xampp/php:/mnt/c/ProgramData/ComposerSetup/bin:/mnt/c/Program Files/nodejs/:/mnt/c/Users/Administrator/AppData/Local/Android/Sdk/platform-tools:/mnt/c/cygwin64/bin:/mnt/c/Program Files/PuTTY/:/mnt/c/Program Files/Intel/WiFi/bin/:/mnt/c/Program Files/Common Files/Intel/WirelessCommon/:/mnt/c/Users/Administrator/AppData/Local/Android/Sdk/emulator:/mnt/c/Users/Administrator/.local/bin:/mnt/c/Users/Administrator/AppData/Local/Microsoft/WindowsApps:/mnt/c/Program Files/Microsoft VS Code/bin:/mnt/c/Users/Administrator/AppData/Roaming/Composer/vendor/bin:/mnt/c/Users/Administrator/AppData/Roaming/npm:/snap/bin:/usr/lib/jvm/java-8-openjdk-amd64/bin:/tools:/platform-toolsPATH=/home/ugoabuchi/.nvm/versions/node/v16.14.0/bin:/usr/local/sbin:/usr/local/bin:/usr/sbin:/usr/bin:/sbin:/bin:/usr/games:/usr/local/games:/mnt/c/Windows/system32:/mnt/c/Windows:/mnt/c/Windows/System32/Wbem:/mnt/c/Windows/System32/WindowsPowerShell/v1.0/:/mnt/c/Windows/System32/OpenSSH/:/mnt/c/Program Files/Java/jdk1.8.0_281/bin:/mnt/c/Program Files/Git/cmd:/mnt/c/xampp/php:/mnt/c/ProgramData/ComposerSetup/bin:/mnt/c/Program Files/nodejs/:/mnt/c/Users/Administrator/AppData/Local/Android/Sdk/platform-tools:/mnt/c/cygwin64/bin:/mnt/c/Program Files/PuTTY/:/mnt/c/Program Files/Intel/WiFi/bin/:/mnt/c/Program Files/Common Files/Intel/WirelessCommon/:/mnt/c/Users/Administrator/AppData/Local/Android/Sdk/emulator:/mnt/c/Users/Administrator/.local/bin:/mnt/c/Users/Administrator/AppData/Local/Microsoft/WindowsApps:/mnt/c/Program Files/Microsoft VS Code/bin:/mnt/c/Users/Administrator/AppData/Roaming/Composer/vendor/bin:/mnt/c/Users/Administrator/AppData/Roaming/npm:/snap/bin:/usr/lib/jvm/java-8-openjdk-amd64/bin:/tools:/cmdline-tools/tools/bin:/usr/lib/jvm/java-8-openjdk-amd64/bin:/tools:/cmdline-tools/tools/bin

Yarn version: 
  1.22.17

Node version: 
  16.14.0

Platform: 
  linux x64

Trace: 
  Error: getaddrinfo EAI_AGAIN registry.yarnpkg.com
      at GetAddrInfoReqWrap.onlookup [as oncomplete] (node:dns:71:26)

npm manifest: 
  {
    "name": "genotypematch",
    "version": "1.0.0",
    "main": "node_modules/expo/AppEntry.js",
    "scripts": {
      "start": "expo start",
      "android": "expo start --android",
      "ios": "expo start --ios",
      "web": "expo start --web",
      "eject": "expo eject"
    },
    "dependencies": {
      "@react-native-async-storage/async-storage": "~1.15.0",
      "@react-navigation/bottom-tabs": "^6.0.9",
      "@react-navigation/drawer": "^6.1.8",
      "@react-navigation/native": "^6.0.6",
      "@react-navigation/stack": "^6.0.11",
      "@types/react-native-modal-dropdown": "^0.7.2",
      "axios": "0.21.4",
      "country-state-picker": "^1.1.5",
      "expo": "~44.0.0",
      "expo-app-loading": "~1.3.0",
      "expo-device": "~4.1.0",
      "expo-font": "~10.0.4",
      "expo-location": "~14.0.1",
      "expo-notifications": "~0.14.0",
      "expo-status-bar": "~1.2.0",
      "react": "17.0.1",
      "react-dom": "17.0.1",
      "react-native": "0.64.3",
      "react-native-animatable": "^1.3.3",
      "react-native-awesome-alerts": "^1.5.2",
      "react-native-country-picker-modal": "^2.0.0",
      "react-native-dropdown-picker": "^5.3.0",
      "react-native-geocoding": "^0.5.0",
      "react-native-gesture-handler": "~2.1.0",
      "react-native-modal-dropdown": "^1.0.2",
      "react-native-paper": "4.9.2",
      "react-native-reanimated": "~2.3.1",
      "react-native-safe-area-context": "3.3.2",
      "react-native-svg": "12.1.1",
      "react-native-swipe-cards-deck": "^0.3.0",
      "react-native-web": "0.17.1",
      "react-redux": "^7.2.6",
      "redux": "^4.1.2"
    },
    "devDependencies": {
      "@babel/core": "^7.12.9",
      "@types/react": "~17.0.21",
      "@types/react-native": "^0.66.13",
      "typescript": "~4.3.5"
    },
    "private": true
  }

yarn manifest: 
  No manifest

Lockfile: 
  No lockfile
